Arguments: 
  C:\Program Files\nodejs\node.exe C:\Program Files (x86)\Yarn\bin\yarn.js

PATH: 
  C:\Program Files (x86)\Common Files\Oracle\Java\javapath;C:\WINDOWS\system32;C:\WINDOWS;C:\WINDOWS\System32\Wbem;C:\WINDOWS\System32\WindowsPowerShell\v1.0\;C:\WINDOWS\System32\OpenSSH\;C:\Program Files\Git\cmd;C:\Program Files\MongoDB\Server\4.0\bin;C:\Program Files (x86)\Microsoft SQL Server\Client SDK\ODBC\130\Tools\Binn\;C:\Program Files (x86)\Microsoft SQL Server\140\Tools\Binn\;C:\Program Files (x86)\Microsoft SQL Server\140\DTS\Binn\;C:\Program Files (x86)\Microsoft SQL Server\140\Tools\Binn\ManagementStudio\;C:\Program Files\Azure Data Studio\bin;C:\xampp\php;C:\ProgramData\ComposerSetup\bin;C:\Python27;C:\ProgramData\chocolatey\bin;C:\Program Files (x86)\Yarn\bin\;C:\Gradle\gradle-6.6.1\bin;C:\Users\rodrigo.barbosa\Library\Android\Sdk\tools;C:\Users\rodrigo.barbosa\Library\Android\Sdk\tools\bin;C:\Users\rodrigo.barbosa\Library\Android\Sdk\platform-tools;C:\Users\rodrigo.barbosa\Library\Android\Sdk\emulator;C:\Program Files\Docker\Docker\resources\bin;C:\ProgramData\DockerDesktop\version-bin;C:\Users\rodrigo.barbosa\AppData\Roaming\nvm;C:\Program Files\nodejs;C:\Program Files\dotnet\;C:\Program Files\Amazon\AWSCLI\bin\;C:\Users\rodrigo.barbosa\AppData\Local\Microsoft\WindowsApps;C:\Users\rodrigo.barbosa\AppData\Local\Programs\Microsoft VS Code\bin;C:\Users\rodrigo.barbosa\AppData\Local\Programs\Fiddler;C:\Users\rodrigo.barbosa\AppData\Roaming\Composer\vendor\bin;C:\Users\rodrigo.barbosa\AppData\Local\Microsoft\WindowsApps;C:\Users\rodrigo.barbosa\AppData\Local\Yarn\bin;C:\Users\rodrigo.barbosa\.dotnet\tools

Yarn version: 
  1.22.4

Node version: 
  10.21.0

Platform: 
  win32 x64

Trace: 
  Error: EPERM: operation not permitted, unlink 'C:\Users\rodrigo.barbosa\Documents\dev\react\semana_omnistack\happy-nlw3\backend\node_modules\sqlite3\lib\binding\napi-v3-win32-x64\node_sqlite3.node'

npm manifest: 
  {
    "name": "backend",
    "version": "1.0.0",
    "description": "",
    "main": "index.js",
    "scripts": {
      "dev": "ts-node-dev --transpile-only --ignore-watch node_modules src/server.ts",
      "typeorm": "ts-node-dev ./node_modules/typeorm/cli.ts"
    },
    "keywords": [],
    "author": "",
    "license": "ISC",
    "dependencies": {
      "express": "^4.17.1",
      "sqlite3": "^5.0.0",
      "typeorm": "^0.2.28"
    },
    "devDependencies": {
      "@types/express": "^4.17.8",
      "ts-node-dev": "^1.0.0-pre.65",
      "typescript": "^4.0.3"
    }
  }

yarn manifest: 
  No manifest

Lockfile: 
  No lockfile
